[20.09.2017 09:53:38.836] [OpenQA.Selenium.Remote.RemoteWebDriver.UnpackAndThrowOnError()] unknown error: Element is not clickable at point (872, 1049)
  (Session info: chrome=61.0.3163.91)
  (Driver info: chromedriver=2.31.488763 (092de99f48a300323ecf8c2a4e2e7cab51de5ba8),platform=Windows NT 6.1.7601 SP1 x86_64)
--------
[20.09.2017 09:53:38.874] LOGING IS COMPLETED
---------------------------------------------
[20.09.2017 10:00:23.630] [OpenQA.Selenium.Remote.RemoteWebDriver.UnpackAndThrowOnError()] unknown error: Element is not clickable at point (872, 1049)
  (Session info: chrome=61.0.3163.91)
  (Driver info: chromedriver=2.31.488763 (092de99f48a300323ecf8c2a4e2e7cab51de5ba8),platform=Windows NT 6.1.7601 SP1 x86_64)
--------
[20.09.2017 10:00:23.639] LOGING IS COMPLETED
---------------------------------------------
[20.09.2017 10:01:41.463] [OpenQA.Selenium.Remote.RemoteWebDriver.UnpackAndThrowOnError()] unknown error: Element is not clickable at point (872, 1049)
  (Session info: chrome=61.0.3163.91)
  (Driver info: chromedriver=2.31.488763 (092de99f48a300323ecf8c2a4e2e7cab51de5ba8),platform=Windows NT 6.1.7601 SP1 x86_64)
--------
[20.09.2017 10:01:41.467] LOGING IS COMPLETED
---------------------------------------------
[20.09.2017 10:06:03.639] [OpenQA.Selenium.Remote.RemoteWebDriver.UnpackAndThrowOnError()] no such window: target window already closed
from unknown error: web view not found
  (Session info: chrome=61.0.3163.91)
  (Driver info: chromedriver=2.31.488763 (092de99f48a300323ecf8c2a4e2e7cab51de5ba8),platform=Windows NT 6.1.7601 SP1 x86_64)
--------
[20.09.2017 11:52:39.033] [OpenQA.Selenium.Remote.RemoteWebDriver.UnpackAndThrowOnError()] unknown error: Element is not clickable at point (872, 1049)
  (Session info: chrome=61.0.3163.91)
  (Driver info: chromedriver=2.31.488763 (092de99f48a300323ecf8c2a4e2e7cab51de5ba8),platform=Windows NT 6.1.7601 SP1 x86_64)
--------
[20.09.2017 11:52:39.037] LOGING IS COMPLETED
---------------------------------------------
